<?xml version="1.0" encoding="UTF-8"?>
<testsuite xmlns:xsi="http://www.w3.org/2001/XMLSchema-instance" xsi:noNamespaceSchemaLocation="https://maven.apache.org/surefire/maven-surefire-plugin/xsd/surefire-test-report.xsd" name="com.vin.lottery.lottery.DemoApplicationTests" time="17.463" tests="1" errors="0" skipped="0" failures="0">
  <properties>
    <property name="sun.desktop" value="windows"/>
    <property name="awt.toolkit" value="sun.awt.windows.WToolkit"/>
    <property name="file.encoding.pkg" value="sun.io"/>
    <property name="java.specification.version" value="1.8"/>
    <property name="sun.cpu.isalist" value="amd64"/>
    <property name="sun.jnu.encoding" value="Cp1252"/>
    <property name="java.class.path" value="C:\Personal\workspace\lottery\target\test-classes;C:\Personal\workspace\lottery\target\classes;C:\repo\org\springframework\boot\spring-boot-starter-actuator\2.2.0.BUILD-SNAPSHOT\spring-boot-starter-actuator-2.2.0.BUILD-SNAPSHOT.jar;C:\repo\org\springframework\boot\spring-boot-starter\2.2.0.BUILD-SNAPSHOT\spring-boot-starter-2.2.0.BUILD-SNAPSHOT.jar;C:\repo\org\springframework\boot\spring-boot-starter-logging\2.2.0.BUILD-SNAPSHOT\spring-boot-starter-logging-2.2.0.BUILD-SNAPSHOT.jar;C:\repo\ch\qos\logback\logback-classic\1.2.3\logback-classic-1.2.3.jar;C:\repo\ch\qos\logback\logback-core\1.2.3\logback-core-1.2.3.jar;C:\repo\org\apache\logging\log4j\log4j-to-slf4j\2.11.2\log4j-to-slf4j-2.11.2.jar;C:\repo\org\apache\logging\log4j\log4j-api\2.11.2\log4j-api-2.11.2.jar;C:\repo\org\slf4j\jul-to-slf4j\1.7.26\jul-to-slf4j-1.7.26.jar;C:\repo\jakarta\annotation\jakarta.annotation-api\1.3.4\jakarta.annotation-api-1.3.4.jar;C:\repo\org\yaml\snakeyaml\1.24\snakeyaml-1.24.jar;C:\repo\org\springframework\boot\spring-boot-actuator-autoconfigure\2.2.0.BUILD-SNAPSHOT\spring-boot-actuator-autoconfigure-2.2.0.BUILD-SNAPSHOT.jar;C:\repo\org\springframework\boot\spring-boot-actuator\2.2.0.BUILD-SNAPSHOT\spring-boot-actuator-2.2.0.BUILD-SNAPSHOT.jar;C:\repo\org\springframework\spring-context\5.2.0.M3\spring-context-5.2.0.M3.jar;C:\repo\com\fasterxml\jackson\datatype\jackson-datatype-jsr310\2.9.9\jackson-datatype-jsr310-2.9.9.jar;C:\repo\io\micrometer\micrometer-core\1.1.5\micrometer-core-1.1.5.jar;C:\repo\org\hdrhistogram\HdrHistogram\2.1.9\HdrHistogram-2.1.9.jar;C:\repo\org\latencyutils\LatencyUtils\2.0.3\LatencyUtils-2.0.3.jar;C:\repo\org\springframework\boot\spring-boot-starter-data-rest\2.2.0.BUILD-SNAPSHOT\spring-boot-starter-data-rest-2.2.0.BUILD-SNAPSHOT.jar;C:\repo\org\springframework\data\spring-data-rest-webmvc\3.2.0.RC1\spring-data-rest-webmvc-3.2.0.RC1.jar;C:\repo\org\springframework\data\spring-data-rest-core\3.2.0.RC1\spring-data-rest-core-3.2.0.RC1.jar;C:\repo\org\springframework\spring-tx\5.2.0.M3\spring-tx-5.2.0.M3.jar;C:\repo\org\springframework\hateoas\spring-hateoas\1.0.0.M3\spring-hateoas-1.0.0.M3.jar;C:\repo\org\springframework\data\spring-data-commons\2.2.0.RC1\spring-data-commons-2.2.0.RC1.jar;C:\repo\org\springframework\plugin\spring-plugin-core\2.0.0.M1\spring-plugin-core-2.0.0.M1.jar;C:\repo\org\atteo\evo-inflector\1.2.2\evo-inflector-1.2.2.jar;C:\repo\org\slf4j\slf4j-api\1.7.26\slf4j-api-1.7.26.jar;C:\repo\org\springframework\boot\spring-boot-starter-groovy-templates\2.2.0.BUILD-SNAPSHOT\spring-boot-starter-groovy-templates-2.2.0.BUILD-SNAPSHOT.jar;C:\repo\org\codehaus\groovy\groovy-templates\2.5.7\groovy-templates-2.5.7.jar;C:\repo\org\codehaus\groovy\groovy\2.5.7\groovy-2.5.7.jar;C:\repo\org\codehaus\groovy\groovy-xml\2.5.7\groovy-xml-2.5.7.jar;C:\repo\org\springframework\boot\spring-boot-starter-web\2.2.0.BUILD-SNAPSHOT\spring-boot-starter-web-2.2.0.BUILD-SNAPSHOT.jar;C:\repo\org\springframework\boot\spring-boot-starter-json\2.2.0.BUILD-SNAPSHOT\spring-boot-starter-json-2.2.0.BUILD-SNAPSHOT.jar;C:\repo\com\fasterxml\jackson\datatype\jackson-datatype-jdk8\2.9.9\jackson-datatype-jdk8-2.9.9.jar;C:\repo\com\fasterxml\jackson\module\jackson-module-parameter-names\2.9.9\jackson-module-parameter-names-2.9.9.jar;C:\repo\org\springframework\boot\spring-boot-starter-tomcat\2.2.0.BUILD-SNAPSHOT\spring-boot-starter-tomcat-2.2.0.BUILD-SNAPSHOT.jar;C:\repo\org\apache\tomcat\embed\tomcat-embed-core\9.0.21\tomcat-embed-core-9.0.21.jar;C:\repo\org\apache\tomcat\embed\tomcat-embed-el\9.0.21\tomcat-embed-el-9.0.21.jar;C:\repo\org\apache\tomcat\embed\tomcat-embed-websocket\9.0.21\tomcat-embed-websocket-9.0.21.jar;C:\repo\org\springframework\boot\spring-boot-starter-validation\2.2.0.BUILD-SNAPSHOT\spring-boot-starter-validation-2.2.0.BUILD-SNAPSHOT.jar;C:\repo\jakarta\validation\jakarta.validation-api\2.0.1\jakarta.validation-api-2.0.1.jar;C:\repo\org\hibernate\validator\hibernate-validator\6.0.17.Final\hibernate-validator-6.0.17.Final.jar;C:\repo\org\jboss\logging\jboss-logging\3.4.0.Final\jboss-logging-3.4.0.Final.jar;C:\repo\com\fasterxml\classmate\1.5.0\classmate-1.5.0.jar;C:\repo\org\springframework\spring-web\5.2.0.M3\spring-web-5.2.0.M3.jar;C:\repo\org\springframework\spring-beans\5.2.0.M3\spring-beans-5.2.0.M3.jar;C:\repo\org\springframework\spring-webmvc\5.2.0.M3\spring-webmvc-5.2.0.M3.jar;C:\repo\org\springframework\spring-aop\5.2.0.M3\spring-aop-5.2.0.M3.jar;C:\repo\org\springframework\spring-expression\5.2.0.M3\spring-expression-5.2.0.M3.jar;C:\repo\org\springframework\boot\spring-boot-starter-web-services\2.2.0.BUILD-SNAPSHOT\spring-boot-starter-web-services-2.2.0.BUILD-SNAPSHOT.jar;C:\repo\com\sun\xml\messaging\saaj\saaj-impl\1.5.1\saaj-impl-1.5.1.jar;C:\repo\jakarta\activation\jakarta.activation-api\1.2.1\jakarta.activation-api-1.2.1.jar;C:\repo\jakarta\xml\soap\jakarta.xml.soap-api\1.4.1\jakarta.xml.soap-api-1.4.1.jar;C:\repo\org\jvnet\mimepull\mimepull\1.9.11\mimepull-1.9.11.jar;C:\repo\org\jvnet\staxex\stax-ex\1.8.1\stax-ex-1.8.1.jar;C:\repo\jakarta\xml\ws\jakarta.xml.ws-api\2.3.2\jakarta.xml.ws-api-2.3.2.jar;C:\repo\jakarta\jws\jakarta.jws-api\1.1.1\jakarta.jws-api-1.1.1.jar;C:\repo\org\springframework\spring-oxm\5.2.0.M3\spring-oxm-5.2.0.M3.jar;C:\repo\org\springframework\ws\spring-ws-core\3.0.7.RELEASE\spring-ws-core-3.0.7.RELEASE.jar;C:\repo\org\springframework\ws\spring-xml\3.0.7.RELEASE\spring-xml-3.0.7.RELEASE.jar;C:\repo\commons-io\commons-io\2.5\commons-io-2.5.jar;C:\repo\com\fasterxml\jackson\module\jackson-module-kotlin\2.9.9\jackson-module-kotlin-2.9.9.jar;C:\repo\com\fasterxml\jackson\core\jackson-databind\2.9.9\jackson-databind-2.9.9.jar;C:\repo\com\fasterxml\jackson\core\jackson-core\2.9.9\jackson-core-2.9.9.jar;C:\repo\com\fasterxml\jackson\core\jackson-annotations\2.9.0\jackson-annotations-2.9.0.jar;C:\repo\org\jetbrains\kotlin\kotlin-reflect\1.3.31\kotlin-reflect-1.3.31.jar;C:\repo\org\jetbrains\kotlin\kotlin-stdlib\1.3.31\kotlin-stdlib-1.3.31.jar;C:\repo\org\jetbrains\kotlin\kotlin-stdlib-common\1.3.31\kotlin-stdlib-common-1.3.31.jar;C:\repo\org\jetbrains\annotations\13.0\annotations-13.0.jar;C:\repo\org\jetbrains\kotlin\kotlin-stdlib-jdk8\1.3.31\kotlin-stdlib-jdk8-1.3.31.jar;C:\repo\org\jetbrains\kotlin\kotlin-stdlib-jdk7\1.3.31\kotlin-stdlib-jdk7-1.3.31.jar;C:\repo\org\springframework\session\spring-session-core\2.2.0.M2\spring-session-core-2.2.0.M2.jar;C:\repo\org\springframework\spring-jcl\5.2.0.M3\spring-jcl-5.2.0.M3.jar;C:\repo\org\springframework\boot\spring-boot-devtools\2.2.0.BUILD-SNAPSHOT\spring-boot-devtools-2.2.0.BUILD-SNAPSHOT.jar;C:\repo\org\springframework\boot\spring-boot\2.2.0.BUILD-SNAPSHOT\spring-boot-2.2.0.BUILD-SNAPSHOT.jar;C:\repo\org\springframework\boot\spring-boot-autoconfigure\2.2.0.BUILD-SNAPSHOT\spring-boot-autoconfigure-2.2.0.BUILD-SNAPSHOT.jar;C:\repo\org\springframework\boot\spring-boot-starter-test\2.2.0.BUILD-SNAPSHOT\spring-boot-starter-test-2.2.0.BUILD-SNAPSHOT.jar;C:\repo\org\springframework\boot\spring-boot-test\2.2.0.BUILD-SNAPSHOT\spring-boot-test-2.2.0.BUILD-SNAPSHOT.jar;C:\repo\org\springframework\boot\spring-boot-test-autoconfigure\2.2.0.BUILD-SNAPSHOT\spring-boot-test-autoconfigure-2.2.0.BUILD-SNAPSHOT.jar;C:\repo\com\jayway\jsonpath\json-path\2.4.0\json-path-2.4.0.jar;C:\repo\net\minidev\json-smart\2.3\json-smart-2.3.jar;C:\repo\net\minidev\accessors-smart\1.2\accessors-smart-1.2.jar;C:\repo\org\ow2\asm\asm\5.0.4\asm-5.0.4.jar;C:\repo\jakarta\xml\bind\jakarta.xml.bind-api\2.3.2\jakarta.xml.bind-api-2.3.2.jar;C:\repo\org\junit\jupiter\junit-jupiter\5.4.2\junit-jupiter-5.4.2.jar;C:\repo\org\junit\jupiter\junit-jupiter-api\5.4.2\junit-jupiter-api-5.4.2.jar;C:\repo\org\apiguardian\apiguardian-api\1.0.0\apiguardian-api-1.0.0.jar;C:\repo\org\opentest4j\opentest4j\1.1.1\opentest4j-1.1.1.jar;C:\repo\org\junit\platform\junit-platform-commons\1.4.2\junit-platform-commons-1.4.2.jar;C:\repo\org\junit\jupiter\junit-jupiter-params\5.4.2\junit-jupiter-params-5.4.2.jar;C:\repo\org\junit\jupiter\junit-jupiter-engine\5.4.2\junit-jupiter-engine-5.4.2.jar;C:\repo\org\junit\platform\junit-platform-engine\1.4.2\junit-platform-engine-1.4.2.jar;C:\repo\org\mockito\mockito-junit-jupiter\2.28.2\mockito-junit-jupiter-2.28.2.jar;C:\repo\org\assertj\assertj-core\3.12.2\assertj-core-3.12.2.jar;C:\repo\org\hamcrest\hamcrest\2.1\hamcrest-2.1.jar;C:\repo\org\mockito\mockito-core\2.28.2\mockito-core-2.28.2.jar;C:\repo\net\bytebuddy\byte-buddy\1.9.13\byte-buddy-1.9.13.jar;C:\repo\net\bytebuddy\byte-buddy-agent\1.9.13\byte-buddy-agent-1.9.13.jar;C:\repo\org\objenesis\objenesis\2.6\objenesis-2.6.jar;C:\repo\org\skyscreamer\jsonassert\1.5.0\jsonassert-1.5.0.jar;C:\repo\com\vaadin\external\google\android-json\0.0.20131108.vaadin1\android-json-0.0.20131108.vaadin1.jar;C:\repo\org\springframework\spring-core\5.2.0.M3\spring-core-5.2.0.M3.jar;C:\repo\org\springframework\spring-test\5.2.0.M3\spring-test-5.2.0.M3.jar;C:\repo\org\xmlunit\xmlunit-core\2.6.2\xmlunit-core-2.6.2.jar;"/>
    <property name="java.vm.vendor" value="Oracle Corporation"/>
    <property name="sun.arch.data.model" value="64"/>
    <property name="user.variant" value=""/>
    <property name="java.vendor.url" value="http://java.oracle.com/"/>
    <property name="user.timezone" value="Asia/Calcutta"/>
    <property name="java.vm.specification.version" value="1.8"/>
    <property name="os.name" value="Windows 10"/>
    <property name="user.country" value="US"/>
    <property name="sun.java.launcher" value="SUN_STANDARD"/>
    <property name="sun.boot.library.path" value="C:\Setups\jdk-8u91-src\jdk-8u91\jre\bin"/>
    <property name="sun.java.command" value="C:\Users\VINAYA~1.KAR\AppData\Local\Temp\surefire7210632732770523147\surefirebooter581154758836587996.jar C:\Users\vinayak.karkhanis\AppData\Local\Temp\surefire7210632732770523147 2019-06-19T15-40-32_039-jvmRun1 surefire3158065255681749720tmp surefire_05599531057397346021tmp"/>
    <property name="surefire.test.class.path" value="C:\Personal\workspace\lottery\target\test-classes;C:\Personal\workspace\lottery\target\classes;C:\repo\org\springframework\boot\spring-boot-starter-actuator\2.2.0.BUILD-SNAPSHOT\spring-boot-starter-actuator-2.2.0.BUILD-SNAPSHOT.jar;C:\repo\org\springframework\boot\spring-boot-starter\2.2.0.BUILD-SNAPSHOT\spring-boot-starter-2.2.0.BUILD-SNAPSHOT.jar;C:\repo\org\springframework\boot\spring-boot-starter-logging\2.2.0.BUILD-SNAPSHOT\spring-boot-starter-logging-2.2.0.BUILD-SNAPSHOT.jar;C:\repo\ch\qos\logback\logback-classic\1.2.3\logback-classic-1.2.3.jar;C:\repo\ch\qos\logback\logback-core\1.2.3\logback-core-1.2.3.jar;C:\repo\org\apache\logging\log4j\log4j-to-slf4j\2.11.2\log4j-to-slf4j-2.11.2.jar;C:\repo\org\apache\logging\log4j\log4j-api\2.11.2\log4j-api-2.11.2.jar;C:\repo\org\slf4j\jul-to-slf4j\1.7.26\jul-to-slf4j-1.7.26.jar;C:\repo\jakarta\annotation\jakarta.annotation-api\1.3.4\jakarta.annotation-api-1.3.4.jar;C:\repo\org\yaml\snakeyaml\1.24\snakeyaml-1.24.jar;C:\repo\org\springframework\boot\spring-boot-actuator-autoconfigure\2.2.0.BUILD-SNAPSHOT\spring-boot-actuator-autoconfigure-2.2.0.BUILD-SNAPSHOT.jar;C:\repo\org\springframework\boot\spring-boot-actuator\2.2.0.BUILD-SNAPSHOT\spring-boot-actuator-2.2.0.BUILD-SNAPSHOT.jar;C:\repo\org\springframework\spring-context\5.2.0.M3\spring-context-5.2.0.M3.jar;C:\repo\com\fasterxml\jackson\datatype\jackson-datatype-jsr310\2.9.9\jackson-datatype-jsr310-2.9.9.jar;C:\repo\io\micrometer\micrometer-core\1.1.5\micrometer-core-1.1.5.jar;C:\repo\org\hdrhistogram\HdrHistogram\2.1.9\HdrHistogram-2.1.9.jar;C:\repo\org\latencyutils\LatencyUtils\2.0.3\LatencyUtils-2.0.3.jar;C:\repo\org\springframework\boot\spring-boot-starter-data-rest\2.2.0.BUILD-SNAPSHOT\spring-boot-starter-data-rest-2.2.0.BUILD-SNAPSHOT.jar;C:\repo\org\springframework\data\spring-data-rest-webmvc\3.2.0.RC1\spring-data-rest-webmvc-3.2.0.RC1.jar;C:\repo\org\springframework\data\spring-data-rest-core\3.2.0.RC1\spring-data-rest-core-3.2.0.RC1.jar;C:\repo\org\springframework\spring-tx\5.2.0.M3\spring-tx-5.2.0.M3.jar;C:\repo\org\springframework\hateoas\spring-hateoas\1.0.0.M3\spring-hateoas-1.0.0.M3.jar;C:\repo\org\springframework\data\spring-data-commons\2.2.0.RC1\spring-data-commons-2.2.0.RC1.jar;C:\repo\org\springframework\plugin\spring-plugin-core\2.0.0.M1\spring-plugin-core-2.0.0.M1.jar;C:\repo\org\atteo\evo-inflector\1.2.2\evo-inflector-1.2.2.jar;C:\repo\org\slf4j\slf4j-api\1.7.26\slf4j-api-1.7.26.jar;C:\repo\org\springframework\boot\spring-boot-starter-groovy-templates\2.2.0.BUILD-SNAPSHOT\spring-boot-starter-groovy-templates-2.2.0.BUILD-SNAPSHOT.jar;C:\repo\org\codehaus\groovy\groovy-templates\2.5.7\groovy-templates-2.5.7.jar;C:\repo\org\codehaus\groovy\groovy\2.5.7\groovy-2.5.7.jar;C:\repo\org\codehaus\groovy\groovy-xml\2.5.7\groovy-xml-2.5.7.jar;C:\repo\org\springframework\boot\spring-boot-starter-web\2.2.0.BUILD-SNAPSHOT\spring-boot-starter-web-2.2.0.BUILD-SNAPSHOT.jar;C:\repo\org\springframework\boot\spring-boot-starter-json\2.2.0.BUILD-SNAPSHOT\spring-boot-starter-json-2.2.0.BUILD-SNAPSHOT.jar;C:\repo\com\fasterxml\jackson\datatype\jackson-datatype-jdk8\2.9.9\jackson-datatype-jdk8-2.9.9.jar;C:\repo\com\fasterxml\jackson\module\jackson-module-parameter-names\2.9.9\jackson-module-parameter-names-2.9.9.jar;C:\repo\org\springframework\boot\spring-boot-starter-tomcat\2.2.0.BUILD-SNAPSHOT\spring-boot-starter-tomcat-2.2.0.BUILD-SNAPSHOT.jar;C:\repo\org\apache\tomcat\embed\tomcat-embed-core\9.0.21\tomcat-embed-core-9.0.21.jar;C:\repo\org\apache\tomcat\embed\tomcat-embed-el\9.0.21\tomcat-embed-el-9.0.21.jar;C:\repo\org\apache\tomcat\embed\tomcat-embed-websocket\9.0.21\tomcat-embed-websocket-9.0.21.jar;C:\repo\org\springframework\boot\spring-boot-starter-validation\2.2.0.BUILD-SNAPSHOT\spring-boot-starter-validation-2.2.0.BUILD-SNAPSHOT.jar;C:\repo\jakarta\validation\jakarta.validation-api\2.0.1\jakarta.validation-api-2.0.1.jar;C:\repo\org\hibernate\validator\hibernate-validator\6.0.17.Final\hibernate-validator-6.0.17.Final.jar;C:\repo\org\jboss\logging\jboss-logging\3.4.0.Final\jboss-logging-3.4.0.Final.jar;C:\repo\com\fasterxml\classmate\1.5.0\classmate-1.5.0.jar;C:\repo\org\springframework\spring-web\5.2.0.M3\spring-web-5.2.0.M3.jar;C:\repo\org\springframework\spring-beans\5.2.0.M3\spring-beans-5.2.0.M3.jar;C:\repo\org\springframework\spring-webmvc\5.2.0.M3\spring-webmvc-5.2.0.M3.jar;C:\repo\org\springframework\spring-aop\5.2.0.M3\spring-aop-5.2.0.M3.jar;C:\repo\org\springframework\spring-expression\5.2.0.M3\spring-expression-5.2.0.M3.jar;C:\repo\org\springframework\boot\spring-boot-starter-web-services\2.2.0.BUILD-SNAPSHOT\spring-boot-starter-web-services-2.2.0.BUILD-SNAPSHOT.jar;C:\repo\com\sun\xml\messaging\saaj\saaj-impl\1.5.1\saaj-impl-1.5.1.jar;C:\repo\jakarta\activation\jakarta.activation-api\1.2.1\jakarta.activation-api-1.2.1.jar;C:\repo\jakarta\xml\soap\jakarta.xml.soap-api\1.4.1\jakarta.xml.soap-api-1.4.1.jar;C:\repo\org\jvnet\mimepull\mimepull\1.9.11\mimepull-1.9.11.jar;C:\repo\org\jvnet\staxex\stax-ex\1.8.1\stax-ex-1.8.1.jar;C:\repo\jakarta\xml\ws\jakarta.xml.ws-api\2.3.2\jakarta.xml.ws-api-2.3.2.jar;C:\repo\jakarta\jws\jakarta.jws-api\1.1.1\jakarta.jws-api-1.1.1.jar;C:\repo\org\springframework\spring-oxm\5.2.0.M3\spring-oxm-5.2.0.M3.jar;C:\repo\org\springframework\ws\spring-ws-core\3.0.7.RELEASE\spring-ws-core-3.0.7.RELEASE.jar;C:\repo\org\springframework\ws\spring-xml\3.0.7.RELEASE\spring-xml-3.0.7.RELEASE.jar;C:\repo\commons-io\commons-io\2.5\commons-io-2.5.jar;C:\repo\com\fasterxml\jackson\module\jackson-module-kotlin\2.9.9\jackson-module-kotlin-2.9.9.jar;C:\repo\com\fasterxml\jackson\core\jackson-databind\2.9.9\jackson-databind-2.9.9.jar;C:\repo\com\fasterxml\jackson\core\jackson-core\2.9.9\jackson-core-2.9.9.jar;C:\repo\com\fasterxml\jackson\core\jackson-annotations\2.9.0\jackson-annotations-2.9.0.jar;C:\repo\org\jetbrains\kotlin\kotlin-reflect\1.3.31\kotlin-reflect-1.3.31.jar;C:\repo\org\jetbrains\kotlin\kotlin-stdlib\1.3.31\kotlin-stdlib-1.3.31.jar;C:\repo\org\jetbrains\kotlin\kotlin-stdlib-common\1.3.31\kotlin-stdlib-common-1.3.31.jar;C:\repo\org\jetbrains\annotations\13.0\annotations-13.0.jar;C:\repo\org\jetbrains\kotlin\kotlin-stdlib-jdk8\1.3.31\kotlin-stdlib-jdk8-1.3.31.jar;C:\repo\org\jetbrains\kotlin\kotlin-stdlib-jdk7\1.3.31\kotlin-stdlib-jdk7-1.3.31.jar;C:\repo\org\springframework\session\spring-session-core\2.2.0.M2\spring-session-core-2.2.0.M2.jar;C:\repo\org\springframework\spring-jcl\5.2.0.M3\spring-jcl-5.2.0.M3.jar;C:\repo\org\springframework\boot\spring-boot-devtools\2.2.0.BUILD-SNAPSHOT\spring-boot-devtools-2.2.0.BUILD-SNAPSHOT.jar;C:\repo\org\springframework\boot\spring-boot\2.2.0.BUILD-SNAPSHOT\spring-boot-2.2.0.BUILD-SNAPSHOT.jar;C:\repo\org\springframework\boot\spring-boot-autoconfigure\2.2.0.BUILD-SNAPSHOT\spring-boot-autoconfigure-2.2.0.BUILD-SNAPSHOT.jar;C:\repo\org\springframework\boot\spring-boot-starter-test\2.2.0.BUILD-SNAPSHOT\spring-boot-starter-test-2.2.0.BUILD-SNAPSHOT.jar;C:\repo\org\springframework\boot\spring-boot-test\2.2.0.BUILD-SNAPSHOT\spring-boot-test-2.2.0.BUILD-SNAPSHOT.jar;C:\repo\org\springframework\boot\spring-boot-test-autoconfigure\2.2.0.BUILD-SNAPSHOT\spring-boot-test-autoconfigure-2.2.0.BUILD-SNAPSHOT.jar;C:\repo\com\jayway\jsonpath\json-path\2.4.0\json-path-2.4.0.jar;C:\repo\net\minidev\json-smart\2.3\json-smart-2.3.jar;C:\repo\net\minidev\accessors-smart\1.2\accessors-smart-1.2.jar;C:\repo\org\ow2\asm\asm\5.0.4\asm-5.0.4.jar;C:\repo\jakarta\xml\bind\jakarta.xml.bind-api\2.3.2\jakarta.xml.bind-api-2.3.2.jar;C:\repo\org\junit\jupiter\junit-jupiter\5.4.2\junit-jupiter-5.4.2.jar;C:\repo\org\junit\jupiter\junit-jupiter-api\5.4.2\junit-jupiter-api-5.4.2.jar;C:\repo\org\apiguardian\apiguardian-api\1.0.0\apiguardian-api-1.0.0.jar;C:\repo\org\opentest4j\opentest4j\1.1.1\opentest4j-1.1.1.jar;C:\repo\org\junit\platform\junit-platform-commons\1.4.2\junit-platform-commons-1.4.2.jar;C:\repo\org\junit\jupiter\junit-jupiter-params\5.4.2\junit-jupiter-params-5.4.2.jar;C:\repo\org\junit\jupiter\junit-jupiter-engine\5.4.2\junit-jupiter-engine-5.4.2.jar;C:\repo\org\junit\platform\junit-platform-engine\1.4.2\junit-platform-engine-1.4.2.jar;C:\repo\org\mockito\mockito-junit-jupiter\2.28.2\mockito-junit-jupiter-2.28.2.jar;C:\repo\org\assertj\assertj-core\3.12.2\assertj-core-3.12.2.jar;C:\repo\org\hamcrest\hamcrest\2.1\hamcrest-2.1.jar;C:\repo\org\mockito\mockito-core\2.28.2\mockito-core-2.28.2.jar;C:\repo\net\bytebuddy\byte-buddy\1.9.13\byte-buddy-1.9.13.jar;C:\repo\net\bytebuddy\byte-buddy-agent\1.9.13\byte-buddy-agent-1.9.13.jar;C:\repo\org\objenesis\objenesis\2.6\objenesis-2.6.jar;C:\repo\org\skyscreamer\jsonassert\1.5.0\jsonassert-1.5.0.jar;C:\repo\com\vaadin\external\google\android-json\0.0.20131108.vaadin1\android-json-0.0.20131108.vaadin1.jar;C:\repo\org\springframework\spring-core\5.2.0.M3\spring-core-5.2.0.M3.jar;C:\repo\org\springframework\spring-test\5.2.0.M3\spring-test-5.2.0.M3.jar;C:\repo\org\xmlunit\xmlunit-core\2.6.2\xmlunit-core-2.6.2.jar;"/>
    <property name="sun.cpu.endian" value="little"/>
    <property name="user.home" value="C:\Users\vinayak.karkhanis"/>
    <property name="user.language" value="en"/>
    <property name="java.specification.vendor" value="Oracle Corporation"/>
    <property name="java.home" value="C:\Setups\jdk-8u91-src\jdk-8u91\jre"/>
    <property name="basedir" value="C:\Personal\workspace\lottery"/>
    <property name="file.separator" value="\"/>
    <property name="line.separator" value="&#10;"/>
    <property name="java.vm.specification.vendor" value="Oracle Corporation"/>
    <property name="java.specification.name" value="Java Platform API Specification"/>
    <property name="java.awt.graphicsenv" value="sun.awt.Win32GraphicsEnvironment"/>
    <property name="surefire.real.class.path" value="C:\Users\VINAYA~1.KAR\AppData\Local\Temp\surefire7210632732770523147\surefirebooter581154758836587996.jar"/>
    <property name="sun.boot.class.path" value="C:\Setups\jdk-8u91-src\jdk-8u91\jre\lib\resources.jar;C:\Setups\jdk-8u91-src\jdk-8u91\jre\lib\rt.jar;C:\Setups\jdk-8u91-src\jdk-8u91\jre\lib\sunrsasign.jar;C:\Setups\jdk-8u91-src\jdk-8u91\jre\lib\jsse.jar;C:\Setups\jdk-8u91-src\jdk-8u91\jre\lib\jce.jar;C:\Setups\jdk-8u91-src\jdk-8u91\jre\lib\charsets.jar;C:\Setups\jdk-8u91-src\jdk-8u91\jre\lib\jfr.jar;C:\Setups\jdk-8u91-src\jdk-8u91\jre\classes"/>
    <property name="user.script" value=""/>
    <property name="sun.management.compiler" value="HotSpot 64-Bit Tiered Compilers"/>
    <property name="java.runtime.version" value="1.8.0_91-b14"/>
    <property name="user.name" value="vinayak.karkhanis"/>
    <property name="path.separator" value=";"/>
    <property name="os.version" value="10.0"/>
    <property name="java.endorsed.dirs" value="C:\Setups\jdk-8u91-src\jdk-8u91\jre\lib\endorsed"/>
    <property name="java.runtime.name" value="Java(TM) SE Runtime Environment"/>
    <property name="file.encoding" value="Cp1252"/>
    <property name="java.vm.name" value="Java HotSpot(TM) 64-Bit Server VM"/>
    <property name="localRepository" value="C:\repo"/>
    <property name="java.vendor.url.bug" value="http://bugreport.sun.com/bugreport/"/>
    <property name="java.io.tmpdir" value="C:\Users\VINAYA~1.KAR\AppData\Local\Temp\"/>
    <property name="java.version" value="1.8.0_91"/>
    <property name="user.dir" value="C:\Personal\workspace\lottery"/>
    <property name="os.arch" value="amd64"/>
    <property name="java.vm.specification.name" value="Java Virtual Machine Specification"/>
    <property name="java.awt.printerjob" value="sun.awt.windows.WPrinterJob"/>
    <property name="sun.os.patch.level" value=""/>
    <property name="java.library.path" value="C:\Setups\jdk-8u91-src\jdk-8u91\jre\bin;C:\windows\Sun\Java\bin;C:\windows\system32;C:\windows;C:\Users\vinayak.karkhanis\bin;C:\Program Files\Git\mingw64\bin;C:\Program Files\Git\usr\local\bin;C:\Program Files\Git\usr\bin;C:\Program Files\Git\usr\bin;C:\Program Files\Git\mingw64\bin;C:\Program Files\Git\usr\bin;C:\Users\vinayak.karkhanis\bin;C:\ProgramData\DockerDesktop\version-bin;C:\Program Files\Docker\Docker\Resources\bin;C:\windows\system32;C:\windows;C:\windows\System32\Wbem;C:\windows\System32\WindowsPowerShell\v1.0;C:\windows\System32\OpenSSH;C:\Program Files\Intel\WiFi\bin;C:\Program Files\Common Files\Intel\WirelessCommon;C:\Program Files (x86)\GitExtensions;C:\Setups\jdk-8u91-src\jdk-8u91\bin;C:\Setups\apache-maven-3.3.3-bin\apache-maven-3.3.3\bin;C:\Program Files\Git\cmd;C:\Program Files\TortoiseGit\bin;C:\salt;C:\ProgramData\chocolatey\bin;C:\Program Files (x86)\vim\vim80;C:\Setups\apache-groovy-sdk-2.4.16\groovy-2.4.16\bin;C:\Program Files (x86)\Microsoft SQL Server\Client SDK\ODBC\130\Tools\Binn;C:\Program Files (x86)\Microsoft SQL Server\140\Tools\Binn;C:\Program Files (x86)\Microsoft SQL Server\140\DTS\Binn;C:\Program Files (x86)\Microsoft SQL Server\140\Tools\Binn\ManagementStudio;C:\Users\vinayak.karkhanis\AppData\Local\Microsoft\WindowsApps;C:\Users\vinayak.karkhanis\AppData\Local\Programs\Microsoft VS Code\bin;C:\Program Files\Git\usr\bin\vendor_perl;C:\Program Files\Git\usr\bin\core_perl;."/>
    <property name="java.vm.info" value="mixed mode"/>
    <property name="java.vendor" value="Oracle Corporation"/>
    <property name="java.vm.version" value="25.91-b14"/>
    <property name="java.ext.dirs" value="C:\Setups\jdk-8u91-src\jdk-8u91\jre\lib\ext;C:\windows\Sun\Java\lib\ext"/>
    <property name="sun.io.unicode.encoding" value="UnicodeLittle"/>
    <property name="java.class.version" value="52.0"/>
  </properties>
  <testcase name="contextLoads" classname="com.vin.lottery.lottery.DemoApplicationTests" time="0.701"/>
</testsuite>